<?xml version="1.0" encoding="UTF-8"?>
<!-- Generated by org.testng.reporters.JUnitXMLReporter -->
<testsuite ignored="0" hostname="Devesh" failures="0" tests="10" name="Test" time="0.079" errors="0" timestamp="2021-05-14T23:16:26 IST">
  <testcase classname="testngpkg.testdemo" name="abc" time="0.009"/>
  <testcase classname="testngpkg.testdemoone" name="gloves" time="0.002"/>
  <testcase classname="testngpkg.testdemoone" name="helmet" time="0.001"/>
  <testcase classname="testngpkg.testdemoone" name="legguard" time="0.001"/>
  <testcase classname="testngpkg.testdemoone2" name="gopro" time="0.002"/>
  <testcase classname="testngpkg.testdemoone2" name="goprocase" time="0.001"/>
  <testcase classname="testngpkg.testdemoone2" name="stand" time="0.001"/>
  <testcase classname="testngpkg.testdemoone3" name="cables" time="0.001"/>
  <testcase classname="testngpkg.testdemoone3" name="laptop" time="0.001"/>
  <testcase classname="testngpkg.testdemoone3" name="powerbank" time="0.001"/>
</testsuite> <!-- Test -->
