<?xml version="1.0" encoding="UTF-8"?>
<testng-results ignored="0" total="10" passed="10" failed="0" skipped="0">
  <reporter-output>
  </reporter-output>
  <suite started-at="2021-05-14T23:16:26 IST" name="Suite" finished-at="2021-05-14T23:16:26 IST" duration-ms="79">
    <groups>
    </groups>
    <test started-at="2021-05-14T23:16:26 IST" name="Test" finished-at="2021-05-14T23:16:26 IST" duration-ms="79">
      <class name="testngpkg.testdemo">
        <test-method signature="abc()[pri:0, instance:testngpkg.testdemo@1fb700ee]" started-at="2021-05-14T23:16:26 IST" name="abc" finished-at="2021-05-14T23:16:26 IST" duration-ms="9" status="PASS">
          <reporter-output>
          </reporter-output>
        </test-method> <!-- abc -->
      </class> <!-- testngpkg.testdemo -->
      <class name="testngpkg.testdemoone">
        <test-method signature="gloves()[pri:0, instance:testngpkg.testdemoone@4f67eb2a]" started-at="2021-05-14T23:16:26 IST" name="gloves" finished-at="2021-05-14T23:16:26 IST" duration-ms="2" status="PASS">
          <reporter-output>
          </reporter-output>
        </test-method> <!-- gloves -->
        <test-method signature="helmet()[pri:0, instance:testngpkg.testdemoone@4f67eb2a]" started-at="2021-05-14T23:16:26 IST" name="helmet" finished-at="2021-05-14T23:16:26 IST" duration-ms="1" status="PASS">
          <reporter-output>
          </reporter-output>
        </test-method> <!-- helmet -->
        <test-method signature="legguard()[pri:0, instance:testngpkg.testdemoone@4f67eb2a]" started-at="2021-05-14T23:16:26 IST" name="legguard" finished-at="2021-05-14T23:16:26 IST" duration-ms="1" status="PASS">
          <reporter-output>
          </reporter-output>
        </test-method> <!-- legguard -->
      </class> <!-- testngpkg.testdemoone -->
      <class name="testngpkg.testdemoone3">
        <test-method signature="cables()[pri:0, instance:testngpkg.testdemoone3@5f683daf]" started-at="2021-05-14T23:16:26 IST" name="cables" finished-at="2021-05-14T23:16:26 IST" duration-ms="1" status="PASS">
          <reporter-output>
          </reporter-output>
        </test-method> <!-- cables -->
        <test-method signature="laptop()[pri:0, instance:testngpkg.testdemoone3@5f683daf]" started-at="2021-05-14T23:16:26 IST" name="laptop" finished-at="2021-05-14T23:16:26 IST" duration-ms="1" status="PASS">
          <reporter-output>
          </reporter-output>
        </test-method> <!-- laptop -->
        <test-method signature="powerbank()[pri:0, instance:testngpkg.testdemoone3@5f683daf]" started-at="2021-05-14T23:16:26 IST" name="powerbank" finished-at="2021-05-14T23:16:26 IST" duration-ms="1" status="PASS">
          <reporter-output>
          </reporter-output>
        </test-method> <!-- powerbank -->
      </class> <!-- testngpkg.testdemoone3 -->
      <class name="testngpkg.testdemoone2">
        <test-method signature="gopro()[pri:0, instance:testngpkg.testdemoone2@4a668b6e]" started-at="2021-05-14T23:16:26 IST" name="gopro" finished-at="2021-05-14T23:16:26 IST" duration-ms="2" status="PASS">
          <reporter-output>
          </reporter-output>
        </test-method> <!-- gopro -->
        <test-method signature="goprocase()[pri:0, instance:testngpkg.testdemoone2@4a668b6e]" started-at="2021-05-14T23:16:26 IST" name="goprocase" finished-at="2021-05-14T23:16:26 IST" duration-ms="1" status="PASS">
          <reporter-output>
          </reporter-output>
        </test-method> <!-- goprocase -->
        <test-method signature="stand()[pri:0, instance:testngpkg.testdemoone2@4a668b6e]" started-at="2021-05-14T23:16:26 IST" name="stand" finished-at="2021-05-14T23:16:26 IST" duration-ms="1" status="PASS">
          <reporter-output>
          </reporter-output>
        </test-method> <!-- stand -->
      </class> <!-- testngpkg.testdemoone2 -->
    </test> <!-- Test -->
  </suite> <!-- Suite -->
</testng-results>
